Using pre-set license
Built from '2022.3/staging' branch; Version is '2022.3.13f1 (5f90a5ebde0f) revision 6262949'; Using compiler version '192829333'; Build Type 'Release'
OS: 'Windows 11  (10.0.22631) 64bit Professional' Language: 'en' Physical Memory: 32468 MB
BatchMode: 1, IsHumanControllingUs: 0, StartBugReporterOnCrash: 0, Is64bit: 1, IsPro: 1

COMMAND LINE ARGUMENTS:
C:\Program Files\Unity\Hub\Editor\2022.3.13f1\Editor\Unity.exe
-adb2
-batchMode
-noUpm
-name
AssetImportWorker2
-projectPath
C:/Users/timmo/Documents/UnityProjects/DrumSimulator
-logFile
Logs/AssetImportWorker2.log
-srvPort
64819
Successfully changed project path to: C:/Users/timmo/Documents/UnityProjects/DrumSimulator
C:/Users/timmo/Documents/UnityProjects/DrumSimulator
[UnityMemory] Configuration Parameters - Can be set up in boot.config
    "memorysetup-bucket-allocator-granularity=16"
    "memorysetup-bucket-allocator-bucket-count=8"
    "memorysetup-bucket-allocator-block-size=33554432"
    "memorysetup-bucket-allocator-block-count=8"
    "memorysetup-main-allocator-block-size=16777216"
    "memorysetup-thread-allocator-block-size=16777216"
    "memorysetup-gfx-main-allocator-block-size=16777216"
    "memorysetup-gfx-thread-allocator-block-size=16777216"
    "memorysetup-cache-allocator-block-size=4194304"
    "memorysetup-typetree-allocator-block-size=2097152"
    "memorysetup-profiler-bucket-allocator-granularity=16"
    "memorysetup-profiler-bucket-allocator-bucket-count=8"
    "memorysetup-profiler-bucket-allocator-block-size=33554432"
    "memorysetup-profiler-bucket-allocator-block-count=8"
    "memorysetup-profiler-allocator-block-size=16777216"
    "memorysetup-profiler-editor-allocator-block-size=1048576"
    "memorysetup-temp-allocator-size-main=16777216"
    "memorysetup-job-temp-allocator-block-size=2097152"
    "memorysetup-job-temp-allocator-block-size-background=1048576"
    "memorysetup-job-temp-allocator-reduction-small-platforms=262144"
    "memorysetup-allocator-temp-initial-block-size-main=262144"
    "memorysetup-allocator-temp-initial-block-size-worker=262144"
    "memorysetup-temp-allocator-size-background-worker=32768"
    "memorysetup-temp-allocator-size-job-worker=262144"
    "memorysetup-temp-allocator-size-preload-manager=33554432"
    "memorysetup-temp-allocator-size-nav-mesh-worker=65536"
    "memorysetup-temp-allocator-size-audio-worker=65536"
    "memorysetup-temp-allocator-size-cloud-worker=32768"
    "memorysetup-temp-allocator-size-gi-baking-worker=262144"
    "memorysetup-temp-allocator-size-gfx=262144"
Player connection [34636] Host "[IP] 192.168.1.119 [Port] 0 [Flags] 2 [Guid] 2007551491 [EditorId] 2007551491 [Version] 1048832 [Id] WindowsEditor(7,MSI) [Debug] 1 [PackageName] WindowsEditor [ProjectName] Editor" joined multi-casting on [225.0.0.222:54997]...

Player connection [34636] Host "[IP] 192.168.1.119 [Port] 0 [Flags] 2 [Guid] 2007551491 [EditorId] 2007551491 [Version] 1048832 [Id] WindowsEditor(7,MSI) [Debug] 1 [PackageName] WindowsEditor [ProjectName] Editor" joined alternative multi-casting on [225.0.0.222:34997]...

[Physics::Module] Initialized MultithreadedJobDispatcher with 23 workers.
Refreshing native plugins compatible for Editor in 4.23 ms, found 3 plugins.
Preloading 0 native plugins for Editor in 0.00 ms.
Initialize engine version: 2022.3.13f1 (5f90a5ebde0f)
[Subsystems] Discovering subsystems at path C:/Program Files/Unity/Hub/Editor/2022.3.13f1/Editor/Data/Resources/UnitySubsystems
[Subsystems] Discovering subsystems at path C:/Users/timmo/Documents/UnityProjects/DrumSimulator/Assets
GfxDevice: creating device client; threaded=0; jobified=0
Direct3D:
    Version:  Direct3D 11.0 [level 11.1]
    Renderer: NVIDIA GeForce RTX 3070 Ti Laptop GPU (ID=0x24a0)
    Vendor:   NVIDIA
    VRAM:     8032 MB
    Driver:   31.0.15.3640
Initialize mono
Mono path[0] = 'C:/Program Files/Unity/Hub/Editor/2022.3.13f1/Editor/Data/Managed'
Mono path[1] = 'C:/Program Files/Unity/Hub/Editor/2022.3.13f1/Editor/Data/MonoBleedingEdge/lib/mono/unityjit-win32'
Mono config path = 'C:/Program Files/Unity/Hub/Editor/2022.3.13f1/Editor/Data/MonoBleedingEdge/etc'
Using monoOptions --debugger-agent=transport=dt_socket,embedding=1,server=y,suspend=n,address=127.0.0.1:56988
Begin MonoManager ReloadAssembly
Registering precompiled unity dll's ...
Register platform support module: C:/Program Files/Unity/Hub/Editor/2022.3.13f1/Editor/Data/PlaybackEngines/WindowsStandaloneSupport/UnityEditor.WindowsStandalone.Extensions.dll
Registered in 0.003411 seconds.
- Loaded All Assemblies, in  0.221 seconds
Native extension for WindowsStandalone target not found
Mono: successfully reloaded assembly
- Finished resetting the current domain, in  0.169 seconds
Domain Reload Profiling: 390ms
	BeginReloadAssembly (73ms)
		ExecutionOrderSort (0ms)
		DisableScriptedObjects (0ms)
		BackupInstance (0ms)
		ReleaseScriptingObjects (0ms)
		CreateAndSetChildDomain (1ms)
	RebuildCommonClasses (22ms)
	RebuildNativeTypeToScriptingClass (7ms)
	initialDomainReloadingComplete (37ms)
	LoadAllAssembliesAndSetupDomain (82ms)
		LoadAssemblies (72ms)
		RebuildTransferFunctionScriptingTraits (0ms)
		AnalyzeDomain (81ms)
			TypeCache.Refresh (80ms)
				TypeCache.ScanAssembly (71ms)
			ScanForSourceGeneratedMonoScriptInfo (0ms)
			ResolveRequiredComponents (0ms)
	FinalizeReload (169ms)
		ReleaseScriptCaches (0ms)
		RebuildScriptCaches (0ms)
		SetupLoadedEditorAssemblies (131ms)
			LogAssemblyErrors (0ms)
			InitializePlatformSupportModulesInManaged (5ms)
			SetLoadedEditorAssemblies (5ms)
			RefreshPlugins (0ms)
			BeforeProcessingInitializeOnLoad (1ms)
			ProcessInitializeOnLoadAttributes (85ms)
			ProcessInitializeOnLoadMethodAttributes (35ms)
			AfterProcessingInitializeOnLoad (0ms)
			EditorAssembliesLoaded (0ms)
		ExecutionOrderSort2 (0ms)
		AwakeInstancesAfterBackupRestoration (0ms)
========================================================================
Worker process is ready to serve import requests
Begin MonoManager ReloadAssembly
- Loaded All Assemblies, in  0.426 seconds
Refreshing native plugins compatible for Editor in 1.58 ms, found 3 plugins.
Native extension for WindowsStandalone target not found
Package Manager log level set to [2]
[Package Manager] Server::EnsureServerProcessIsRunning -- launch failed, reason: Unity was launched with the -noUpm command-line argument
[Package Manager] UpmClient::Send -- Unable to send message (not connected to UPM process).
[Package Manager] Cannot connect to Unity Package Manager local server
Mono: successfully reloaded assembly
- Finished resetting the current domain, in  0.354 seconds
Domain Reload Profiling: 779ms
	BeginReloadAssembly (90ms)
		ExecutionOrderSort (0ms)
		DisableScriptedObjects (4ms)
		BackupInstance (0ms)
		ReleaseScriptingObjects (0ms)
		CreateAndSetChildDomain (13ms)
	RebuildCommonClasses (20ms)
	RebuildNativeTypeToScriptingClass (7ms)
	initialDomainReloadingComplete (25ms)
	LoadAllAssembliesAndSetupDomain (283ms)
		LoadAssemblies (220ms)
		RebuildTransferFunctionScriptingTraits (0ms)
		AnalyzeDomain (115ms)
			TypeCache.Refresh (100ms)
				TypeCache.ScanAssembly (89ms)
			ScanForSourceGeneratedMonoScriptInfo (12ms)
			ResolveRequiredComponents (2ms)
	FinalizeReload (354ms)
		ReleaseScriptCaches (0ms)
		RebuildScriptCaches (0ms)
		SetupLoadedEditorAssemblies (259ms)
			LogAssemblyErrors (0ms)
			InitializePlatformSupportModulesInManaged (4ms)
			SetLoadedEditorAssemblies (3ms)
			RefreshPlugins (0ms)
			BeforeProcessingInitializeOnLoad (37ms)
			ProcessInitializeOnLoadAttributes (196ms)
			ProcessInitializeOnLoadMethodAttributes (14ms)
			AfterProcessingInitializeOnLoad (4ms)
			EditorAssembliesLoaded (0ms)
		ExecutionOrderSort2 (0ms)
		AwakeInstancesAfterBackupRestoration (5ms)
Launched and connected shader compiler UnityShaderCompiler.exe after 0.03 seconds
Refreshing native plugins compatible for Editor in 1.48 ms, found 3 plugins.
Preloading 0 native plugins for Editor in 0.00 ms.
Unloading 3082 Unused Serialized files (Serialized files now loaded: 0)
Unloading 32 unused Assets / (56.8 KB). Loaded Objects now: 3543.
Memory consumption went from 122.7 MB to 122.6 MB.
Total: 2.459800 ms (FindLiveObjects: 0.163900 ms CreateObjectMapping: 0.058800 ms MarkObjects: 2.154900 ms  DeleteObjects: 0.081000 ms)

AssetImportParameters requested are different than current active one (requested -> active):
  custom:container-demuxer-ogg: 62fdf1f143b41e24485cea50d1cbac27 -> 
  custom:video-decoder-ogg-theora: a1e56fd34408186e4bbccfd4996cb3dc -> 
  custom:framework-win-MediaFoundation: 216162199b28c13a410421893ffa2e32 -> 
  custom:CustomObjectIndexerAttribute: 756ad292c208cfabdd7b50bc23989ffe -> 
  custom:container-demuxer-webm: 4f35f7cbe854078d1ac9338744f61a02 -> 
  custom:container-muxer-webm: aa71ff27fc2769a1b78a27578f13a17b -> 
  custom:video-decoder-webm-vp8: 9c59270c3fd7afecdb556c50c9e8de78 -> 
  custom:SearchIndexIgnoredProperties: e643bd26f0fe6173181afceb89e7c659 -> 
  custom:AudioImporter_EditorPlatform: d09bf68614088b80899f8185d706f6e7 -> 
  custom:video-encoder-webm-vp8: eb34c28f22e8b96e1ab97ce403110664 -> 
  custom:audio-decoder-ogg-vorbis: bf7c407c2cedff20999df2af8eb42d56 -> 
  custom:audio-encoder-webm-vorbis: bf7c407c2cedff20999df2af8eb42d56 -> 
========================================================================
Received Import Request.
  Time since last request: 22939.772426 seconds.
  path: Assets/ExternalAssets/DrumKit/Drum Set.FBX
  artifactKey: Guid(142ff54b1463cdb4aa22f7c29f23823a) Importer(815301076,1909f56bfc062723c751e8b465ee728b)
Start importing Assets/ExternalAssets/DrumKit/Drum Set.FBX using Guid(142ff54b1463cdb4aa22f7c29f23823a) Importer(815301076,1909f56bfc062723c751e8b465ee728b)  -> (artifact id: 'd3501aa4bac55d8637f30a8259898373') in 0.184762 seconds
Number of updated asset objects reloaded before import = 0
Number of asset objects unloaded after import = 37
========================================================================
Received Import Request.
  Time since last request: 1.904002 seconds.
  path: Assets/ExternalAssets/DrumKit/Drum Set.FBX
  artifactKey: Guid(142ff54b1463cdb4aa22f7c29f23823a) Importer(815301076,1909f56bfc062723c751e8b465ee728b)
Start importing Assets/ExternalAssets/DrumKit/Drum Set.FBX using Guid(142ff54b1463cdb4aa22f7c29f23823a) Importer(815301076,1909f56bfc062723c751e8b465ee728b)  -> (artifact id: '6add853ce0cfa005bb09b9a6e63d8b1b') in 0.094559 seconds
Number of updated asset objects reloaded before import = 0
Number of asset objects unloaded after import = 36
========================================================================
Received Import Request.
  Time since last request: 2.069739 seconds.
  path: Assets/ExternalAssets/DrumKit/Drum Set.FBX
  artifactKey: Guid(142ff54b1463cdb4aa22f7c29f23823a) Importer(815301076,1909f56bfc062723c751e8b465ee728b)
Start importing Assets/ExternalAssets/DrumKit/Drum Set.FBX using Guid(142ff54b1463cdb4aa22f7c29f23823a) Importer(815301076,1909f56bfc062723c751e8b465ee728b)  -> (artifact id: '1897841f0d8ef5cc55d1bf1c83c8b9fa') in 0.079462 seconds
Number of updated asset objects reloaded before import = 0
Number of asset objects unloaded after import = 35
========================================================================
Received Import Request.
  Time since last request: 1.840130 seconds.
  path: Assets/ExternalAssets/DrumKit/Drum Set.FBX
  artifactKey: Guid(142ff54b1463cdb4aa22f7c29f23823a) Importer(815301076,1909f56bfc062723c751e8b465ee728b)
Start importing Assets/ExternalAssets/DrumKit/Drum Set.FBX using Guid(142ff54b1463cdb4aa22f7c29f23823a) Importer(815301076,1909f56bfc062723c751e8b465ee728b)  -> (artifact id: 'dbf5040c1f12ba096455c2daebbacbee') in 0.078723 seconds
Number of updated asset objects reloaded before import = 0
Number of asset objects unloaded after import = 34
========================================================================
Received Import Request.
  Time since last request: 26.103626 seconds.
  path: Assets/ExternalAssets/DrumKit/chrome.mat
  artifactKey: Guid(8b39b72da65ddcb438a264c5766d88b1) Importer(815301076,1909f56bfc062723c751e8b465ee728b)
Start importing Assets/ExternalAssets/DrumKit/chrome.mat using Guid(8b39b72da65ddcb438a264c5766d88b1) Importer(815301076,1909f56bfc062723c751e8b465ee728b)  -> (artifact id: '4770365a619a012f5249d50a102f5024') in 0.024808 seconds
Number of updated asset objects reloaded before import = 0
Number of asset objects unloaded after import = 1
========================================================================
Received Import Request.
  Time since last request: 118.471698 seconds.
  path: Assets/ExternalAssets/DrumKit/M_.mat
  artifactKey: Guid(3135ac01fe0b3f44185e527b9bc883f9) Importer(815301076,1909f56bfc062723c751e8b465ee728b)
Start importing Assets/ExternalAssets/DrumKit/M_.mat using Guid(3135ac01fe0b3f44185e527b9bc883f9) Importer(815301076,1909f56bfc062723c751e8b465ee728b)  -> (artifact id: 'd2492aaa266f80cd5a16b9f9d4750c9b') in 0.033197 seconds
Number of updated asset objects reloaded before import = 0
Number of asset objects unloaded after import = 1
========================================================================
Received Import Request.
  Time since last request: 11.252422 seconds.
  path: Assets/ExternalAssets/DrumKit/M_Diffuse.mat
  artifactKey: Guid(3135ac01fe0b3f44185e527b9bc883f9) Importer(815301076,1909f56bfc062723c751e8b465ee728b)
Start importing Assets/ExternalAssets/DrumKit/M_Diffuse.mat using Guid(3135ac01fe0b3f44185e527b9bc883f9) Importer(815301076,1909f56bfc062723c751e8b465ee728b)  -> (artifact id: '22ed06f2f0b6d0277bdb12aa2d4d5160') in 0.021675 seconds
Number of updated asset objects reloaded before import = 0
Number of asset objects unloaded after import = 1
========================================================================
Received Import Request.
  Time since last request: 50.073707 seconds.
  path: Assets/ExternalAssets/DrumKit/Drum Set OBJ
  artifactKey: Guid(14c8e2ddf4d971046be8775bb07fb3f3) Importer(815301076,1909f56bfc062723c751e8b465ee728b)
Start importing Assets/ExternalAssets/DrumKit/Drum Set OBJ using Guid(14c8e2ddf4d971046be8775bb07fb3f3) Importer(815301076,1909f56bfc062723c751e8b465ee728b)  -> (artifact id: 'c7667709518f309f03088e5a7af34ffd') in 0.000965 seconds
Number of updated asset objects reloaded before import = 0
Number of asset objects unloaded after import = 1
========================================================================
Received Import Request.
  Time since last request: 28.929510 seconds.
  path: Assets/ExternalAssets/DrumKit/Materials
  artifactKey: Guid(11d90d4022427444b8e57001cc76da6a) Importer(815301076,1909f56bfc062723c751e8b465ee728b)
Start importing Assets/ExternalAssets/DrumKit/Materials using Guid(11d90d4022427444b8e57001cc76da6a) Importer(815301076,1909f56bfc062723c751e8b465ee728b)  -> (artifact id: 'c82ec34a80ddc3d8bf76074be681c987') in 0.000400 seconds
Number of updated asset objects reloaded before import = 0
Number of asset objects unloaded after import = 0
========================================================================
Received Import Request.
  Time since last request: 5.390893 seconds.
  path: Assets/ExternalAssets/DrumKit/Drum Set FBX
  artifactKey: Guid(00562d2d51513d042b5dcf0897bb355b) Importer(815301076,1909f56bfc062723c751e8b465ee728b)
Start importing Assets/ExternalAssets/DrumKit/Drum Set FBX using Guid(00562d2d51513d042b5dcf0897bb355b) Importer(815301076,1909f56bfc062723c751e8b465ee728b)  -> (artifact id: '7b88ff9bf94a648f3718baa12644146d') in 0.000391 seconds
Number of updated asset objects reloaded before import = 0
Number of asset objects unloaded after import = 0
========================================================================
Received Import Request.
  Time since last request: 0.065240 seconds.
  path: Assets/ExternalAssets/DrumKit/Drum Set FBX/Drum Set.FBX
  artifactKey: Guid(3eedbd205260fd94aa5eafb41c368542) Importer(815301076,1909f56bfc062723c751e8b465ee728b)
Start importing Assets/ExternalAssets/DrumKit/Drum Set FBX/Drum Set.FBX using Guid(3eedbd205260fd94aa5eafb41c368542) Importer(815301076,1909f56bfc062723c751e8b465ee728b)  -> (artifact id: '6824ac1236b387476d7959d95b2a4316') in 0.109874 seconds
Number of updated asset objects reloaded before import = 0
Number of asset objects unloaded after import = 38
========================================================================
Received Import Request.
  Time since last request: 33.502820 seconds.
  path: Assets/ExternalAssets/DrumKit/Drum Set FBX/Drum Set.FBX
  artifactKey: Guid(3eedbd205260fd94aa5eafb41c368542) Importer(815301076,1909f56bfc062723c751e8b465ee728b)
Start importing Assets/ExternalAssets/DrumKit/Drum Set FBX/Drum Set.FBX using Guid(3eedbd205260fd94aa5eafb41c368542) Importer(815301076,1909f56bfc062723c751e8b465ee728b)  -> (artifact id: '74ed557378feec3970174edfdbc91c62') in 0.102372 seconds
Number of updated asset objects reloaded before import = 0
Number of asset objects unloaded after import = 38
========================================================================
Received Import Request.
  Time since last request: 2.826676 seconds.
  path: Assets/ExternalAssets/DrumKit/Materials/chrome.mat
  artifactKey: Guid(2800e10146323e741b63a638c71d0943) Importer(815301076,1909f56bfc062723c751e8b465ee728b)
Start importing Assets/ExternalAssets/DrumKit/Materials/chrome.mat using Guid(2800e10146323e741b63a638c71d0943) Importer(815301076,1909f56bfc062723c751e8b465ee728b)  -> (artifact id: '601a4fa43437e0c175aa6098814f8c41') in 0.013906 seconds
Number of updated asset objects reloaded before import = 0
Number of asset objects unloaded after import = 1
========================================================================
Received Import Request.
  Time since last request: 0.000112 seconds.
  path: Assets/ExternalAssets/DrumKit/Materials/faces.mat
  artifactKey: Guid(51d8b8a714b3396418e5e21d6c16bd63) Importer(815301076,1909f56bfc062723c751e8b465ee728b)
Start importing Assets/ExternalAssets/DrumKit/Materials/faces.mat using Guid(51d8b8a714b3396418e5e21d6c16bd63) Importer(815301076,1909f56bfc062723c751e8b465ee728b)  -> (artifact id: '9573cb61d4460d7c6c8cd73ce0b30cf5') in 0.022878 seconds
Number of updated asset objects reloaded before import = 0
Number of asset objects unloaded after import = 1
========================================================================
Received Import Request.
  Time since last request: 0.000021 seconds.
  path: Assets/ExternalAssets/DrumKit/Materials/drum_kit_specular.jpg
  artifactKey: Guid(99dd449c1f871f14da63d9148ba44efb) Importer(815301076,1909f56bfc062723c751e8b465ee728b)
Start importing Assets/ExternalAssets/DrumKit/Materials/drum_kit_specular.jpg using Guid(99dd449c1f871f14da63d9148ba44efb) Importer(815301076,1909f56bfc062723c751e8b465ee728b)  -> (artifact id: '23f508d2457ab91be480c0a41fe1e663') in 0.017058 seconds
Number of updated asset objects reloaded before import = 0
Number of asset objects unloaded after import = 2
========================================================================
Received Import Request.
  Time since last request: 0.000015 seconds.
  path: Assets/ExternalAssets/DrumKit/Materials/drum_kit_diffuse.jpg
  artifactKey: Guid(6d46dd9473b09ea4486c797d420223e2) Importer(815301076,1909f56bfc062723c751e8b465ee728b)
Start importing Assets/ExternalAssets/DrumKit/Materials/drum_kit_diffuse.jpg using Guid(6d46dd9473b09ea4486c797d420223e2) Importer(815301076,1909f56bfc062723c751e8b465ee728b)  -> (artifact id: '7b0d1f1611f5b79ab4e7343ac18ce7c6') in 0.023398 seconds
Number of updated asset objects reloaded before import = 0
Number of asset objects unloaded after import = 2
Editor requested this worker to shutdown with reason: Scaling down because of idle timeout
TcpMessagingSession - receive error: operation aborted. errorcode: 995, details: The I/O operation has been aborted because of either a thread exit or an application request.
AssetImportWorker is now disconnected from the server
Process exiting
Exiting without the bug reporter. Application will terminate with return code 0