Using pre-set license
Built from '2022.3/staging' branch; Version is '2022.3.13f1 (5f90a5ebde0f) revision 6262949'; Using compiler version '192829333'; Build Type 'Release'
OS: 'Windows 11  (10.0.22631) 64bit Professional' Language: 'en' Physical Memory: 32468 MB
BatchMode: 1, IsHumanControllingUs: 0, StartBugReporterOnCrash: 0, Is64bit: 1, IsPro: 1

COMMAND LINE ARGUMENTS:
C:\Program Files\Unity\Hub\Editor\2022.3.13f1\Editor\Unity.exe
-adb2
-batchMode
-noUpm
-name
AssetImportWorker0
-projectPath
C:/Users/timmo/Documents/UnityProjects/DrumSimulator
-logFile
Logs/AssetImportWorker0.log
-srvPort
64819
Successfully changed project path to: C:/Users/timmo/Documents/UnityProjects/DrumSimulator
C:/Users/timmo/Documents/UnityProjects/DrumSimulator
[UnityMemory] Configuration Parameters - Can be set up in boot.config
    "memorysetup-bucket-allocator-granularity=16"
    "memorysetup-bucket-allocator-bucket-count=8"
    "memorysetup-bucket-allocator-block-size=33554432"
    "memorysetup-bucket-allocator-block-count=8"
    "memorysetup-main-allocator-block-size=16777216"
    "memorysetup-thread-allocator-block-size=16777216"
    "memorysetup-gfx-main-allocator-block-size=16777216"
    "memorysetup-gfx-thread-allocator-block-size=16777216"
    "memorysetup-cache-allocator-block-size=4194304"
    "memorysetup-typetree-allocator-block-size=2097152"
    "memorysetup-profiler-bucket-allocator-granularity=16"
    "memorysetup-profiler-bucket-allocator-bucket-count=8"
    "memorysetup-profiler-bucket-allocator-block-size=33554432"
    "memorysetup-profiler-bucket-allocator-block-count=8"
    "memorysetup-profiler-allocator-block-size=16777216"
    "memorysetup-profiler-editor-allocator-block-size=1048576"
    "memorysetup-temp-allocator-size-main=16777216"
    "memorysetup-job-temp-allocator-block-size=2097152"
    "memorysetup-job-temp-allocator-block-size-background=1048576"
    "memorysetup-job-temp-allocator-reduction-small-platforms=262144"
    "memorysetup-allocator-temp-initial-block-size-main=262144"
    "memorysetup-allocator-temp-initial-block-size-worker=262144"
    "memorysetup-temp-allocator-size-background-worker=32768"
    "memorysetup-temp-allocator-size-job-worker=262144"
    "memorysetup-temp-allocator-size-preload-manager=33554432"
    "memorysetup-temp-allocator-size-nav-mesh-worker=65536"
    "memorysetup-temp-allocator-size-audio-worker=65536"
    "memorysetup-temp-allocator-size-cloud-worker=32768"
    "memorysetup-temp-allocator-size-gi-baking-worker=262144"
    "memorysetup-temp-allocator-size-gfx=262144"
Player connection [29624] Host "[IP] 192.168.1.119 [Port] 0 [Flags] 2 [Guid] 2618069506 [EditorId] 2618069506 [Version] 1048832 [Id] WindowsEditor(7,MSI) [Debug] 1 [PackageName] WindowsEditor [ProjectName] Editor" joined multi-casting on [225.0.0.222:54997]...

Player connection [29624] Host "[IP] 192.168.1.119 [Port] 0 [Flags] 2 [Guid] 2618069506 [EditorId] 2618069506 [Version] 1048832 [Id] WindowsEditor(7,MSI) [Debug] 1 [PackageName] WindowsEditor [ProjectName] Editor" joined alternative multi-casting on [225.0.0.222:34997]...

[Physics::Module] Initialized MultithreadedJobDispatcher with 23 workers.
Refreshing native plugins compatible for Editor in 4.62 ms, found 3 plugins.
Preloading 0 native plugins for Editor in 0.00 ms.
Initialize engine version: 2022.3.13f1 (5f90a5ebde0f)
[Subsystems] Discovering subsystems at path C:/Program Files/Unity/Hub/Editor/2022.3.13f1/Editor/Data/Resources/UnitySubsystems
[Subsystems] Discovering subsystems at path C:/Users/timmo/Documents/UnityProjects/DrumSimulator/Assets
GfxDevice: creating device client; threaded=0; jobified=0
Direct3D:
    Version:  Direct3D 11.0 [level 11.1]
    Renderer: NVIDIA GeForce RTX 3070 Ti Laptop GPU (ID=0x24a0)
    Vendor:   NVIDIA
    VRAM:     8032 MB
    Driver:   31.0.15.3640
Initialize mono
Mono path[0] = 'C:/Program Files/Unity/Hub/Editor/2022.3.13f1/Editor/Data/Managed'
Mono path[1] = 'C:/Program Files/Unity/Hub/Editor/2022.3.13f1/Editor/Data/MonoBleedingEdge/lib/mono/unityjit-win32'
Mono config path = 'C:/Program Files/Unity/Hub/Editor/2022.3.13f1/Editor/Data/MonoBleedingEdge/etc'
Using monoOptions --debugger-agent=transport=dt_socket,embedding=1,server=y,suspend=n,address=127.0.0.1:56168
Begin MonoManager ReloadAssembly
Registering precompiled unity dll's ...
Register platform support module: C:/Program Files/Unity/Hub/Editor/2022.3.13f1/Editor/Data/PlaybackEngines/WindowsStandaloneSupport/UnityEditor.WindowsStandalone.Extensions.dll
Registered in 0.003742 seconds.
- Loaded All Assemblies, in  0.445 seconds
Native extension for WindowsStandalone target not found
Mono: successfully reloaded assembly
- Finished resetting the current domain, in  0.194 seconds
Domain Reload Profiling: 638ms
	BeginReloadAssembly (187ms)
		ExecutionOrderSort (0ms)
		DisableScriptedObjects (0ms)
		BackupInstance (0ms)
		ReleaseScriptingObjects (0ms)
		CreateAndSetChildDomain (1ms)
	RebuildCommonClasses (35ms)
	RebuildNativeTypeToScriptingClass (7ms)
	initialDomainReloadingComplete (49ms)
	LoadAllAssembliesAndSetupDomain (165ms)
		LoadAssemblies (187ms)
		RebuildTransferFunctionScriptingTraits (0ms)
		AnalyzeDomain (162ms)
			TypeCache.Refresh (161ms)
				TypeCache.ScanAssembly (144ms)
			ScanForSourceGeneratedMonoScriptInfo (1ms)
			ResolveRequiredComponents (0ms)
	FinalizeReload (194ms)
		ReleaseScriptCaches (0ms)
		RebuildScriptCaches (0ms)
		SetupLoadedEditorAssemblies (153ms)
			LogAssemblyErrors (0ms)
			InitializePlatformSupportModulesInManaged (6ms)
			SetLoadedEditorAssemblies (6ms)
			RefreshPlugins (0ms)
			BeforeProcessingInitializeOnLoad (1ms)
			ProcessInitializeOnLoadAttributes (98ms)
			ProcessInitializeOnLoadMethodAttributes (42ms)
			AfterProcessingInitializeOnLoad (0ms)
			EditorAssembliesLoaded (0ms)
		ExecutionOrderSort2 (0ms)
		AwakeInstancesAfterBackupRestoration (0ms)
========================================================================
Worker process is ready to serve import requests
Begin MonoManager ReloadAssembly
- Loaded All Assemblies, in  0.611 seconds
Refreshing native plugins compatible for Editor in 1.74 ms, found 3 plugins.
Native extension for WindowsStandalone target not found
Package Manager log level set to [2]
[Package Manager] Server::EnsureServerProcessIsRunning -- launch failed, reason: Unity was launched with the -noUpm command-line argument
[Package Manager] UpmClient::Send -- Unable to send message (not connected to UPM process).
[Package Manager] Cannot connect to Unity Package Manager local server
Mono: successfully reloaded assembly
- Finished resetting the current domain, in  0.378 seconds
Domain Reload Profiling: 988ms
	BeginReloadAssembly (134ms)
		ExecutionOrderSort (0ms)
		DisableScriptedObjects (4ms)
		BackupInstance (0ms)
		ReleaseScriptingObjects (0ms)
		CreateAndSetChildDomain (15ms)
	RebuildCommonClasses (22ms)
	RebuildNativeTypeToScriptingClass (7ms)
	initialDomainReloadingComplete (29ms)
	LoadAllAssembliesAndSetupDomain (417ms)
		LoadAssemblies (386ms)
		RebuildTransferFunctionScriptingTraits (0ms)
		AnalyzeDomain (109ms)
			TypeCache.Refresh (97ms)
				TypeCache.ScanAssembly (87ms)
			ScanForSourceGeneratedMonoScriptInfo (9ms)
			ResolveRequiredComponents (2ms)
	FinalizeReload (379ms)
		ReleaseScriptCaches (0ms)
		RebuildScriptCaches (0ms)
		SetupLoadedEditorAssemblies (278ms)
			LogAssemblyErrors (0ms)
			InitializePlatformSupportModulesInManaged (4ms)
			SetLoadedEditorAssemblies (4ms)
			RefreshPlugins (0ms)
			BeforeProcessingInitializeOnLoad (38ms)
			ProcessInitializeOnLoadAttributes (214ms)
			ProcessInitializeOnLoadMethodAttributes (14ms)
			AfterProcessingInitializeOnLoad (4ms)
			EditorAssembliesLoaded (0ms)
		ExecutionOrderSort2 (0ms)
		AwakeInstancesAfterBackupRestoration (5ms)
Launched and connected shader compiler UnityShaderCompiler.exe after 0.03 seconds
Refreshing native plugins compatible for Editor in 1.53 ms, found 3 plugins.
Preloading 0 native plugins for Editor in 0.00 ms.
Unloading 3082 Unused Serialized files (Serialized files now loaded: 0)
Unloading 32 unused Assets / (56.8 KB). Loaded Objects now: 3543.
Memory consumption went from 122.7 MB to 122.6 MB.
Total: 2.729400 ms (FindLiveObjects: 0.171700 ms CreateObjectMapping: 0.069900 ms MarkObjects: 2.374500 ms  DeleteObjects: 0.112100 ms)

AssetImportParameters requested are different than current active one (requested -> active):
  custom:container-demuxer-ogg: 62fdf1f143b41e24485cea50d1cbac27 -> 
  custom:video-decoder-ogg-theora: a1e56fd34408186e4bbccfd4996cb3dc -> 
  custom:framework-win-MediaFoundation: 216162199b28c13a410421893ffa2e32 -> 
  custom:CustomObjectIndexerAttribute: 756ad292c208cfabdd7b50bc23989ffe -> 
  custom:container-demuxer-webm: 4f35f7cbe854078d1ac9338744f61a02 -> 
  custom:container-muxer-webm: aa71ff27fc2769a1b78a27578f13a17b -> 
  custom:video-decoder-webm-vp8: 9c59270c3fd7afecdb556c50c9e8de78 -> 
  custom:SearchIndexIgnoredProperties: e643bd26f0fe6173181afceb89e7c659 -> 
  custom:AudioImporter_EditorPlatform: d09bf68614088b80899f8185d706f6e7 -> 
  custom:video-encoder-webm-vp8: eb34c28f22e8b96e1ab97ce403110664 -> 
  custom:audio-decoder-ogg-vorbis: bf7c407c2cedff20999df2af8eb42d56 -> 
  custom:audio-encoder-webm-vorbis: bf7c407c2cedff20999df2af8eb42d56 -> 
========================================================================
Received Import Request.
  Time since last request: 22800.373977 seconds.
  path: Assets/ExternalAssets
  artifactKey: Guid(b0b1bdf727645754cb2abc88623f67bc) Importer(815301076,1909f56bfc062723c751e8b465ee728b)
Start importing Assets/ExternalAssets using Guid(b0b1bdf727645754cb2abc88623f67bc) Importer(815301076,1909f56bfc062723c751e8b465ee728b)  -> (artifact id: 'e102c74fdd47e2d7548e19291dc0b308') in 0.003858 seconds
Number of updated asset objects reloaded before import = 0
Number of asset objects unloaded after import = 0
========================================================================
Received Import Request.
  Time since last request: 1.567879 seconds.
  path: Assets/Gizmos
  artifactKey: Guid(824e4ff7cfce8ef4f924ea8eab67f638) Importer(815301076,1909f56bfc062723c751e8b465ee728b)
Start importing Assets/Gizmos using Guid(824e4ff7cfce8ef4f924ea8eab67f638) Importer(815301076,1909f56bfc062723c751e8b465ee728b)  -> (artifact id: '3b809beb66a33cc0b6afe76e0b91ec2a') in 0.000421 seconds
Number of updated asset objects reloaded before import = 0
Number of asset objects unloaded after import = 0
========================================================================
Received Import Request.
  Time since last request: 2.510277 seconds.
  path: Assets/ExternalAssets/Ciathyza
  artifactKey: Guid(3d2b6bfffbeb811458106aa34e608cd5) Importer(815301076,1909f56bfc062723c751e8b465ee728b)
Start importing Assets/ExternalAssets/Ciathyza using Guid(3d2b6bfffbeb811458106aa34e608cd5) Importer(815301076,1909f56bfc062723c751e8b465ee728b)  -> (artifact id: '2b810b2d2a853f411505156485ab32a4') in 0.000387 seconds
Number of updated asset objects reloaded before import = 0
Number of asset objects unloaded after import = 0
========================================================================
Received Import Request.
  Time since last request: 0.041380 seconds.
  path: Assets/ExternalAssets/Ciathyza/Plane.prefab
  artifactKey: Guid(67de918624ea4b64da7b71962f446c82) Importer(815301076,1909f56bfc062723c751e8b465ee728b)
Start importing Assets/ExternalAssets/Ciathyza/Plane.prefab using Guid(67de918624ea4b64da7b71962f446c82) Importer(815301076,1909f56bfc062723c751e8b465ee728b)  -> (artifact id: '327bc67d7e47a4460a8fadcf4267a28b') in 0.227442 seconds
Number of updated asset objects reloaded before import = 0
Number of asset objects unloaded after import = 9
========================================================================
Received Import Request.
  Time since last request: 44.064385 seconds.
  path: Assets/ExternalAssets/DrumKit
  artifactKey: Guid(1507107e274b8d94095c4833daf51a11) Importer(815301076,1909f56bfc062723c751e8b465ee728b)
Start importing Assets/ExternalAssets/DrumKit using Guid(1507107e274b8d94095c4833daf51a11) Importer(815301076,1909f56bfc062723c751e8b465ee728b)  -> (artifact id: 'e08af4cf1dd510bc136e16e01186a2b3') in 0.000616 seconds
Number of updated asset objects reloaded before import = 0
Number of asset objects unloaded after import = 0
========================================================================
Received Import Request.
  Time since last request: 19.986000 seconds.
  path: Assets/ExternalAssets/DrumKit/Drumsticks FBX.rar
  artifactKey: Guid(e532331e716b67a43b0b9b1d1ec63d4a) Importer(815301076,1909f56bfc062723c751e8b465ee728b)
Start importing Assets/ExternalAssets/DrumKit/Drumsticks FBX.rar using Guid(e532331e716b67a43b0b9b1d1ec63d4a) Importer(815301076,1909f56bfc062723c751e8b465ee728b)  -> (artifact id: 'fc09156d5515998acda7439a412789ae') in 0.001035 seconds
Number of updated asset objects reloaded before import = 0
Number of asset objects unloaded after import = 1
========================================================================
Received Import Request.
  Time since last request: 3.537254 seconds.
  path: Assets/ExternalAssets/DrumKit/Drum Set FBX.rar
  artifactKey: Guid(32d176a4048c9494eb21ac58f540649b) Importer(815301076,1909f56bfc062723c751e8b465ee728b)
Start importing Assets/ExternalAssets/DrumKit/Drum Set FBX.rar using Guid(32d176a4048c9494eb21ac58f540649b) Importer(815301076,1909f56bfc062723c751e8b465ee728b)  -> (artifact id: '60c3bfdcc8382f11966a16f2c2d8cd2f') in 0.000913 seconds
Number of updated asset objects reloaded before import = 0
Number of asset objects unloaded after import = 1
========================================================================
Received Import Request.
  Time since last request: 8.201921 seconds.
  path: Assets/ExternalAssets/DrumKit/Drumsticks.FBX
  artifactKey: Guid(6279aba2c0a4b8d4ebcc72893512a7cd) Importer(815301076,1909f56bfc062723c751e8b465ee728b)
Start importing Assets/ExternalAssets/DrumKit/Drumsticks.FBX using Guid(6279aba2c0a4b8d4ebcc72893512a7cd) Importer(815301076,1909f56bfc062723c751e8b465ee728b)  -> (artifact id: '46f6eeb08bf8ba52fba7200f0ab5c9ec') in 0.067506 seconds
Number of updated asset objects reloaded before import = 0
Number of asset objects unloaded after import = 16
========================================================================
Received Import Request.
  Time since last request: 11.586294 seconds.
  path: Assets/ExternalAssets/DrumKit/Drum Set.FBX
  artifactKey: Guid(142ff54b1463cdb4aa22f7c29f23823a) Importer(815301076,1909f56bfc062723c751e8b465ee728b)
Start importing Assets/ExternalAssets/DrumKit/Drum Set.FBX using Guid(142ff54b1463cdb4aa22f7c29f23823a) Importer(815301076,1909f56bfc062723c751e8b465ee728b)  -> (artifact id: 'b4ff50aa269236bf322ecc90d2e06af7') in 0.138475 seconds
Number of updated asset objects reloaded before import = 0
Number of asset objects unloaded after import = 38
========================================================================
Received Import Request.
  Time since last request: 30.259222 seconds.
  path: Assets/ExternalAssets/DrumKit/drum_kit_diffuse.jpg
  artifactKey: Guid(fff89dcf95f7d3343af9a36c3be32f92) Importer(815301076,1909f56bfc062723c751e8b465ee728b)
Start importing Assets/ExternalAssets/DrumKit/drum_kit_diffuse.jpg using Guid(fff89dcf95f7d3343af9a36c3be32f92) Importer(815301076,1909f56bfc062723c751e8b465ee728b)  -> (artifact id: 'b96de7f248cd970f13a72c0be8d77a8d') in 0.031682 seconds
Number of updated asset objects reloaded before import = 0
Number of asset objects unloaded after import = 2
========================================================================
Received Import Request.
  Time since last request: 0.000014 seconds.
  path: Assets/ExternalAssets/DrumKit/drum_kit_normal.jpg
  artifactKey: Guid(e549d786fdad0b84d8daa895da20cb71) Importer(815301076,1909f56bfc062723c751e8b465ee728b)
Start importing Assets/ExternalAssets/DrumKit/drum_kit_normal.jpg using Guid(e549d786fdad0b84d8daa895da20cb71) Importer(815301076,1909f56bfc062723c751e8b465ee728b)  -> (artifact id: '55e838ed60f7a4deea53490712089bed') in 0.021771 seconds
Number of updated asset objects reloaded before import = 0
Number of asset objects unloaded after import = 2
========================================================================
Received Import Request.
  Time since last request: 0.000016 seconds.
  path: Assets/ExternalAssets/DrumKit/drum_kit_specular.jpg
  artifactKey: Guid(cc7574ae2ac094047a334f5d4fdfd9ce) Importer(815301076,1909f56bfc062723c751e8b465ee728b)
Start importing Assets/ExternalAssets/DrumKit/drum_kit_specular.jpg using Guid(cc7574ae2ac094047a334f5d4fdfd9ce) Importer(815301076,1909f56bfc062723c751e8b465ee728b)  -> (artifact id: 'd9e896e8557475105c20a9db06578ce7') in 0.023948 seconds
Number of updated asset objects reloaded before import = 0
Number of asset objects unloaded after import = 2
========================================================================
Received Import Request.
  Time since last request: 12.676899 seconds.
  path: Assets/ExternalAssets/DrumKit/Drum Set.FBX
  artifactKey: Guid(142ff54b1463cdb4aa22f7c29f23823a) Importer(815301076,1909f56bfc062723c751e8b465ee728b)
Start importing Assets/ExternalAssets/DrumKit/Drum Set.FBX using Guid(142ff54b1463cdb4aa22f7c29f23823a) Importer(815301076,1909f56bfc062723c751e8b465ee728b)  -> (artifact id: '12e7cd5f3460a0e86b4ad2fd495e7cc4') in 0.096954 seconds
Number of updated asset objects reloaded before import = 0
Number of asset objects unloaded after import = 38
========================================================================
Received Import Request.
  Time since last request: 0.000018 seconds.
  path: Assets/ExternalAssets/DrumKit/cymbal.mat
  artifactKey: Guid(745a618030975454e9715ef2f12a585f) Importer(815301076,1909f56bfc062723c751e8b465ee728b)
Start importing Assets/ExternalAssets/DrumKit/cymbal.mat using Guid(745a618030975454e9715ef2f12a585f) Importer(815301076,1909f56bfc062723c751e8b465ee728b)  -> (artifact id: 'eae453644d032fab27943033eae2e13e') in 0.017397 seconds
Number of updated asset objects reloaded before import = 0
Number of asset objects unloaded after import = 1
========================================================================
Received Import Request.
  Time since last request: 0.000022 seconds.
  path: Assets/ExternalAssets/DrumKit/main.mat
  artifactKey: Guid(9100513839f020a4a9fea08a4aa2b45a) Importer(815301076,1909f56bfc062723c751e8b465ee728b)
Start importing Assets/ExternalAssets/DrumKit/main.mat using Guid(9100513839f020a4a9fea08a4aa2b45a) Importer(815301076,1909f56bfc062723c751e8b465ee728b)  -> (artifact id: '0db20ec529f74d986b02af777a38a406') in 0.020507 seconds
Number of updated asset objects reloaded before import = 0
Number of asset objects unloaded after import = 1
========================================================================
Received Import Request.
  Time since last request: 0.000019 seconds.
  path: Assets/ExternalAssets/DrumKit/faces.mat
  artifactKey: Guid(2b0060eeaebecc240813791559d0c861) Importer(815301076,1909f56bfc062723c751e8b465ee728b)
Start importing Assets/ExternalAssets/DrumKit/faces.mat using Guid(2b0060eeaebecc240813791559d0c861) Importer(815301076,1909f56bfc062723c751e8b465ee728b)  -> (artifact id: '541d058e3065cc6322cd5758c33ed6df') in 0.017991 seconds
Number of updated asset objects reloaded before import = 0
Number of asset objects unloaded after import = 1
========================================================================
Received Import Request.
  Time since last request: 36.646060 seconds.
  path: Assets/ExternalAssets/DrumKit/cymbal.mat
  artifactKey: Guid(745a618030975454e9715ef2f12a585f) Importer(815301076,1909f56bfc062723c751e8b465ee728b)
Start importing Assets/ExternalAssets/DrumKit/cymbal.mat using Guid(745a618030975454e9715ef2f12a585f) Importer(815301076,1909f56bfc062723c751e8b465ee728b)  -> (artifact id: 'e93c8e9439116fbf30bbbca3544cbd10') in 0.019194 seconds
Number of updated asset objects reloaded before import = 0
Number of asset objects unloaded after import = 1
Editor requested this worker to shutdown with reason: Scaling down because of idle timeout
TcpMessagingSession - receive error: operation aborted. errorcode: 995, details: The I/O operation has been aborted because of either a thread exit or an application request.
AssetImportWorker is now disconnected from the server
Process exiting
Exiting without the bug reporter. Application will terminate with return code 0